{"uid":"4112429d3702e8e2","name":"Click the button after 5 seconds","fullName":"tests.ui_tests.elements_test.TestDynamicPropertiesPage#test_click_the_button_after_5_seconds","historyId":"db793ed5b728d2f00a107978256b545d","time":{"start":1724662419412,"stop":1724662426290,"duration":6878},"status":"broken","statusMessage":"selenium.common.exceptions.TimeoutException: Message:","statusTrace":"self = <ui_tests.elements_test.TestElements.TestDynamicPropertiesPage object at 0x7f71eae529f0>\ndriver = <selenium.webdriver.chrome.webdriver.WebDriver (session=\"2938298809b6aef92ea11f3cdf36b97a\")>\n\n    @allure.title(\"Click the button after 5 seconds\")\n    def test_click_the_button_after_5_seconds(self, driver):\n        dynamic_properties_page = DynamicPropertiesPage(driver)\n        dynamic_properties_page.open()\n    \n>       dynamic_properties_page.click_the_button_after_5_seconds()\n\ntests/ui_tests/elements_test.py:408: \n_ _ _ _ _ _ _ _ _ _ _ _ _ _ _ _ _ _ _ _ _ _ _ _ _ _ _ _ _ _ _ _ _ _ _ _ _ _ _ _ \npages/elements_page.py:400: in click_the_button_after_5_seconds\n    self.element_is_clickable(self.locators.WILL_ENABLE_5_SECONDS_BUTTON).click()\npages/base_page.py:39: in element_is_clickable\n    return wait(self.driver, timeout).until(EC.element_to_be_clickable(locator))\n_ _ _ _ _ _ _ _ _ _ _ _ _ _ _ _ _ _ _ _ _ _ _ _ _ _ _ _ _ _ _ _ _ _ _ _ _ _ _ _ \n\nself = <selenium.webdriver.support.wait.WebDriverWait (session=\"2938298809b6aef92ea11f3cdf36b97a\")>\nmethod = <function element_to_be_clickable.<locals>._predicate at 0x7f71e64d0400>\nmessage = ''\n\n    def until(self, method: Callable[[D], Union[Literal[False], T]], message: str = \"\") -> T:\n        \"\"\"Calls the method provided with the driver as an argument until the \\\n        return value does not evaluate to ``False``.\n    \n        :param method: callable(WebDriver)\n        :param message: optional message for :exc:`TimeoutException`\n        :returns: the result of the last call to `method`\n        :raises: :exc:`selenium.common.exceptions.TimeoutException` if timeout occurs\n        \"\"\"\n        screen = None\n        stacktrace = None\n    \n        end_time = time.monotonic() + self._timeout\n        while True:\n            try:\n                value = method(self._driver)\n                if value:\n                    return value\n            except self._ignored_exceptions as exc:\n                screen = getattr(exc, \"screen\", None)\n                stacktrace = getattr(exc, \"stacktrace\", None)\n            time.sleep(self._poll)\n            if time.monotonic() > end_time:\n                break\n>       raise TimeoutException(message, screen, stacktrace)\nE       selenium.common.exceptions.TimeoutException: Message:\n\n../local/lib/python3.12/site-packages/selenium/webdriver/support/wait.py:105: TimeoutException","flaky":false,"newFailed":false,"newBroken":true,"newPassed":false,"retriesCount":0,"retriesStatusChange":false,"beforeStages":[{"name":"_session_faker","time":{"start":1724662303518,"stop":1724662303706,"duration":188},"status":"passed","steps":[],"attachments":[],"parameters":[],"shouldDisplayMessage":false,"stepsCount":0,"attachmentsCount":0,"hasContent":false,"attachmentStep":false},{"name":"driver","time":{"start":1724662419075,"stop":1724662419411,"duration":336},"status":"passed","steps":[{"name":"Setting up chrome browser with headless=True, page_load_strategy=eager","time":{"start":1724662419075,"stop":1724662419411,"duration":336},"status":"passed","steps":[{"name":"Starting Chrome browser for the test","time":{"start":1724662419075,"stop":1724662419411,"duration":336},"status":"passed","steps":[{"name":"Applying headless options for Chrome","time":{"start":1724662419075,"stop":1724662419075,"duration":0},"status":"passed","steps":[],"attachments":[],"parameters":[],"shouldDisplayMessage":false,"stepsCount":0,"attachmentsCount":0,"hasContent":false,"attachmentStep":false}],"attachments":[],"parameters":[],"shouldDisplayMessage":false,"stepsCount":1,"attachmentsCount":0,"hasContent":true,"attachmentStep":false}],"attachments":[],"parameters":[],"shouldDisplayMessage":false,"stepsCount":2,"attachmentsCount":0,"hasContent":true,"attachmentStep":false}],"attachments":[],"parameters":[],"shouldDisplayMessage":false,"stepsCount":3,"attachmentsCount":0,"hasContent":true,"attachmentStep":false}],"testStage":{"status":"broken","statusMessage":"selenium.common.exceptions.TimeoutException: Message:","statusTrace":"self = <ui_tests.elements_test.TestElements.TestDynamicPropertiesPage object at 0x7f71eae529f0>\ndriver = <selenium.webdriver.chrome.webdriver.WebDriver (session=\"2938298809b6aef92ea11f3cdf36b97a\")>\n\n    @allure.title(\"Click the button after 5 seconds\")\n    def test_click_the_button_after_5_seconds(self, driver):\n        dynamic_properties_page = DynamicPropertiesPage(driver)\n        dynamic_properties_page.open()\n    \n>       dynamic_properties_page.click_the_button_after_5_seconds()\n\ntests/ui_tests/elements_test.py:408: \n_ _ _ _ _ _ _ _ _ _ _ _ _ _ _ _ _ _ _ _ _ _ _ _ _ _ _ _ _ _ _ _ _ _ _ _ _ _ _ _ \npages/elements_page.py:400: in click_the_button_after_5_seconds\n    self.element_is_clickable(self.locators.WILL_ENABLE_5_SECONDS_BUTTON).click()\npages/base_page.py:39: in element_is_clickable\n    return wait(self.driver, timeout).until(EC.element_to_be_clickable(locator))\n_ _ _ _ _ _ _ _ _ _ _ _ _ _ _ _ _ _ _ _ _ _ _ _ _ _ _ _ _ _ _ _ _ _ _ _ _ _ _ _ \n\nself = <selenium.webdriver.support.wait.WebDriverWait (session=\"2938298809b6aef92ea11f3cdf36b97a\")>\nmethod = <function element_to_be_clickable.<locals>._predicate at 0x7f71e64d0400>\nmessage = ''\n\n    def until(self, method: Callable[[D], Union[Literal[False], T]], message: str = \"\") -> T:\n        \"\"\"Calls the method provided with the driver as an argument until the \\\n        return value does not evaluate to ``False``.\n    \n        :param method: callable(WebDriver)\n        :param message: optional message for :exc:`TimeoutException`\n        :returns: the result of the last call to `method`\n        :raises: :exc:`selenium.common.exceptions.TimeoutException` if timeout occurs\n        \"\"\"\n        screen = None\n        stacktrace = None\n    \n        end_time = time.monotonic() + self._timeout\n        while True:\n            try:\n                value = method(self._driver)\n                if value:\n                    return value\n            except self._ignored_exceptions as exc:\n                screen = getattr(exc, \"screen\", None)\n                stacktrace = getattr(exc, \"stacktrace\", None)\n            time.sleep(self._poll)\n            if time.monotonic() > end_time:\n                break\n>       raise TimeoutException(message, screen, stacktrace)\nE       selenium.common.exceptions.TimeoutException: Message:\n\n../local/lib/python3.12/site-packages/selenium/webdriver/support/wait.py:105: TimeoutException","steps":[{"name":"Open page with URL: https://demoqa.com/dynamic-properties","time":{"start":1724662419412,"stop":1724662421198,"duration":1786},"status":"passed","steps":[],"attachments":[],"parameters":[],"shouldDisplayMessage":false,"stepsCount":0,"attachmentsCount":0,"hasContent":false,"attachmentStep":false},{"name":"Click the button that will enable after 5 seconds","time":{"start":1724662421198,"stop":1724662426290,"duration":5092},"status":"broken","statusMessage":"selenium.common.exceptions.TimeoutException: Message: \n\n","statusTrace":"  File \"/usr/local/lib/python3.12/site-packages/allure_commons/_allure.py\", line 192, in impl\n    return func(*a, **kw)\n           ^^^^^^^^^^^^^^\n  File \"/usr/workspace/pages/elements_page.py\", line 400, in click_the_button_after_5_seconds\n    self.element_is_clickable(self.locators.WILL_ENABLE_5_SECONDS_BUTTON).click()\n    ^^^^^^^^^^^^^^^^^^^^^^^^^^^^^^^^^^^^^^^^^^^^^^^^^^^^^^^^^^^^^^^^^^^^^\n  File \"/usr/local/lib/python3.12/site-packages/allure_commons/_allure.py\", line 192, in impl\n    return func(*a, **kw)\n           ^^^^^^^^^^^^^^\n  File \"/usr/workspace/pages/base_page.py\", line 39, in element_is_clickable\n    return wait(self.driver, timeout).until(EC.element_to_be_clickable(locator))\n           ^^^^^^^^^^^^^^^^^^^^^^^^^^^^^^^^^^^^^^^^^^^^^^^^^^^^^^^^^^^^^^^^^^^^^\n  File \"/usr/local/lib/python3.12/site-packages/selenium/webdriver/support/wait.py\", line 105, in until\n    raise TimeoutException(message, screen, stacktrace)\n","steps":[{"name":"Click the button that will enable after 5 seconds","time":{"start":1724662421198,"stop":1724662426290,"duration":5092},"status":"broken","statusMessage":"selenium.common.exceptions.TimeoutException: Message: \n\n","statusTrace":"  File \"/usr/workspace/pages/elements_page.py\", line 400, in click_the_button_after_5_seconds\n    self.element_is_clickable(self.locators.WILL_ENABLE_5_SECONDS_BUTTON).click()\n    ^^^^^^^^^^^^^^^^^^^^^^^^^^^^^^^^^^^^^^^^^^^^^^^^^^^^^^^^^^^^^^^^^^^^^\n  File \"/usr/local/lib/python3.12/site-packages/allure_commons/_allure.py\", line 192, in impl\n    return func(*a, **kw)\n           ^^^^^^^^^^^^^^\n  File \"/usr/workspace/pages/base_page.py\", line 39, in element_is_clickable\n    return wait(self.driver, timeout).until(EC.element_to_be_clickable(locator))\n           ^^^^^^^^^^^^^^^^^^^^^^^^^^^^^^^^^^^^^^^^^^^^^^^^^^^^^^^^^^^^^^^^^^^^^\n  File \"/usr/local/lib/python3.12/site-packages/selenium/webdriver/support/wait.py\", line 105, in until\n    raise TimeoutException(message, screen, stacktrace)\n","steps":[{"name":"Wait for element to be clickable","time":{"start":1724662421198,"stop":1724662426289,"duration":5091},"status":"broken","statusMessage":"selenium.common.exceptions.TimeoutException: Message: \n\n","statusTrace":"  File \"/usr/local/lib/python3.12/site-packages/allure_commons/_allure.py\", line 192, in impl\n    return func(*a, **kw)\n           ^^^^^^^^^^^^^^\n  File \"/usr/workspace/pages/base_page.py\", line 39, in element_is_clickable\n    return wait(self.driver, timeout).until(EC.element_to_be_clickable(locator))\n           ^^^^^^^^^^^^^^^^^^^^^^^^^^^^^^^^^^^^^^^^^^^^^^^^^^^^^^^^^^^^^^^^^^^^^\n  File \"/usr/local/lib/python3.12/site-packages/selenium/webdriver/support/wait.py\", line 105, in until\n    raise TimeoutException(message, screen, stacktrace)\n","steps":[],"attachments":[],"parameters":[{"name":"locator","value":"('xpath', \"//button[@id='enableAfter']\")"},{"name":"timeout","value":"5"}],"shouldDisplayMessage":true,"stepsCount":0,"attachmentsCount":0,"hasContent":true,"attachmentStep":false}],"attachments":[],"parameters":[],"shouldDisplayMessage":false,"stepsCount":1,"attachmentsCount":0,"hasContent":true,"attachmentStep":false}],"attachments":[],"parameters":[],"shouldDisplayMessage":false,"stepsCount":2,"attachmentsCount":0,"hasContent":true,"attachmentStep":false},{"name":"Taking screenshot on failure","time":{"start":1724662426311,"stop":1724662426649,"duration":338},"status":"passed","steps":[],"attachments":[{"uid":"7d17f3c044b6340b","name":"Failure Screenshot","source":"7d17f3c044b6340b.png","type":"image/png","size":879906}],"parameters":[],"shouldDisplayMessage":false,"stepsCount":0,"attachmentsCount":1,"hasContent":true,"attachmentStep":false}],"attachments":[],"parameters":[],"shouldDisplayMessage":true,"stepsCount":5,"attachmentsCount":1,"hasContent":true,"attachmentStep":false},"afterStages":[{"name":"driver::0","time":{"start":1724662426649,"stop":1724662426712,"duration":63},"status":"passed","steps":[{"name":"Quitting the browser","time":{"start":1724662426649,"stop":1724662426712,"duration":63},"status":"passed","steps":[],"attachments":[],"parameters":[],"shouldDisplayMessage":false,"stepsCount":0,"attachmentsCount":0,"hasContent":false,"attachmentStep":false}],"attachments":[],"parameters":[],"shouldDisplayMessage":false,"stepsCount":1,"attachmentsCount":0,"hasContent":true,"attachmentStep":false}],"labels":[{"name":"feature","value":"Elements"},{"name":"story","value":"Dynamic Properties"},{"name":"epic","value":"UI Tests"},{"name":"parentSuite","value":"tests.ui_tests"},{"name":"suite","value":"elements_test"},{"name":"subSuite","value":"TestElements"},{"name":"host","value":"afbbf95f2a28"},{"name":"thread","value":"1-MainThread"},{"name":"framework","value":"pytest"},{"name":"language","value":"cpython3"},{"name":"package","value":"tests.ui_tests.elements_test"},{"name":"resultFormat","value":"allure2"}],"parameters":[],"links":[],"hidden":false,"retry":false,"extra":{"severity":"normal","retries":[],"categories":[{"name":"Test defects","matchedStatuses":[],"flaky":false}],"history":{"statistic":{"failed":0,"broken":1,"skipped":0,"passed":1,"unknown":0,"total":2},"items":[{"uid":"67245330f9e32ae5","reportUrl":"https://vvkobzar.github.io/aqa_pet_project/10//#testresult/67245330f9e32ae5","status":"passed","time":{"start":1724660761335,"stop":1724660767565,"duration":6230}}]},"tags":[]},"source":"4112429d3702e8e2.json","parameterValues":[]}