{"uid":"3f24ae00c1a9675e","name":"Right click on the button","fullName":"tests.ui_tests.elements_test.TestButtonsPage#test_right_click_on_the_button","historyId":"74017a57e1bd243f0518f2ef650c6754","time":{"start":1724759930200,"stop":1724759937014,"duration":6814},"status":"broken","statusMessage":"selenium.common.exceptions.TimeoutException: Message:","statusTrace":"self = <ui_tests.elements_test.TestElements.TestButtonsPage object at 0x7f2046190260>\ndriver = <selenium.webdriver.chrome.webdriver.WebDriver (session=\"1a3a4ff4b8b161c92e133870eaf2fd9b\")>\n\n    @allure.title(\"Right click on the button\")\n    def test_right_click_on_the_button(self, driver):\n        buttons_page = ButtonsPage(driver)\n        buttons_page.open()\n    \n        buttons_page.right_click_on_the_button()\n>       message = buttons_page.check_right_click_on_the_button()\n\ntests/ui_tests/elements_test.py:192: \n_ _ _ _ _ _ _ _ _ _ _ _ _ _ _ _ _ _ _ _ _ _ _ _ _ _ _ _ _ _ _ _ _ _ _ _ _ _ _ _ \npages/elements_page.py:283: in check_right_click_on_the_button\n    return self.element_is_present(self.locators.RIGHT_CLICK_MESSAGE).text\npages/base_page.py:27: in element_is_present\n    return wait(self.driver, timeout).until(EC.presence_of_element_located(locator))\n_ _ _ _ _ _ _ _ _ _ _ _ _ _ _ _ _ _ _ _ _ _ _ _ _ _ _ _ _ _ _ _ _ _ _ _ _ _ _ _ \n\nself = <selenium.webdriver.support.wait.WebDriverWait (session=\"1a3a4ff4b8b161c92e133870eaf2fd9b\")>\nmethod = <function presence_of_element_located.<locals>._predicate at 0x7f204185cfe0>\nmessage = ''\n\n    def until(self, method: Callable[[D], Union[Literal[False], T]], message: str = \"\") -> T:\n        \"\"\"Calls the method provided with the driver as an argument until the \\\n        return value does not evaluate to ``False``.\n    \n        :param method: callable(WebDriver)\n        :param message: optional message for :exc:`TimeoutException`\n        :returns: the result of the last call to `method`\n        :raises: :exc:`selenium.common.exceptions.TimeoutException` if timeout occurs\n        \"\"\"\n        screen = None\n        stacktrace = None\n    \n        end_time = time.monotonic() + self._timeout\n        while True:\n            try:\n                value = method(self._driver)\n                if value:\n                    return value\n            except self._ignored_exceptions as exc:\n                screen = getattr(exc, \"screen\", None)\n                stacktrace = getattr(exc, \"stacktrace\", None)\n            time.sleep(self._poll)\n            if time.monotonic() > end_time:\n                break\n>       raise TimeoutException(message, screen, stacktrace)\nE       selenium.common.exceptions.TimeoutException: Message:\n\n../local/lib/python3.12/site-packages/selenium/webdriver/support/wait.py:105: TimeoutException","flaky":false,"newFailed":false,"newBroken":false,"newPassed":false,"retriesCount":0,"retriesStatusChange":false,"beforeStages":[{"name":"_session_faker","time":{"start":1724759862573,"stop":1724759862714,"duration":141},"status":"passed","steps":[],"attachments":[],"parameters":[],"shouldDisplayMessage":false,"stepsCount":0,"attachmentsCount":0,"hasContent":false,"attachmentStep":false},{"name":"driver","time":{"start":1724759929679,"stop":1724759930199,"duration":520},"status":"passed","steps":[{"name":"Setting up chrome browser with headless=True, page_load_strategy=eager","time":{"start":1724759929679,"stop":1724759930199,"duration":520},"status":"passed","steps":[{"name":"Starting Chrome browser for the test","time":{"start":1724759929680,"stop":1724759930199,"duration":519},"status":"passed","steps":[{"name":"Applying headless options for Chrome","time":{"start":1724759929680,"stop":1724759929680,"duration":0},"status":"passed","steps":[],"attachments":[],"parameters":[],"shouldDisplayMessage":false,"stepsCount":0,"attachmentsCount":0,"hasContent":false,"attachmentStep":false}],"attachments":[],"parameters":[],"shouldDisplayMessage":false,"stepsCount":1,"attachmentsCount":0,"hasContent":true,"attachmentStep":false}],"attachments":[],"parameters":[],"shouldDisplayMessage":false,"stepsCount":2,"attachmentsCount":0,"hasContent":true,"attachmentStep":false}],"attachments":[],"parameters":[],"shouldDisplayMessage":false,"stepsCount":3,"attachmentsCount":0,"hasContent":true,"attachmentStep":false}],"testStage":{"status":"broken","statusMessage":"selenium.common.exceptions.TimeoutException: Message:","statusTrace":"self = <ui_tests.elements_test.TestElements.TestButtonsPage object at 0x7f2046190260>\ndriver = <selenium.webdriver.chrome.webdriver.WebDriver (session=\"1a3a4ff4b8b161c92e133870eaf2fd9b\")>\n\n    @allure.title(\"Right click on the button\")\n    def test_right_click_on_the_button(self, driver):\n        buttons_page = ButtonsPage(driver)\n        buttons_page.open()\n    \n        buttons_page.right_click_on_the_button()\n>       message = buttons_page.check_right_click_on_the_button()\n\ntests/ui_tests/elements_test.py:192: \n_ _ _ _ _ _ _ _ _ _ _ _ _ _ _ _ _ _ _ _ _ _ _ _ _ _ _ _ _ _ _ _ _ _ _ _ _ _ _ _ \npages/elements_page.py:283: in check_right_click_on_the_button\n    return self.element_is_present(self.locators.RIGHT_CLICK_MESSAGE).text\npages/base_page.py:27: in element_is_present\n    return wait(self.driver, timeout).until(EC.presence_of_element_located(locator))\n_ _ _ _ _ _ _ _ _ _ _ _ _ _ _ _ _ _ _ _ _ _ _ _ _ _ _ _ _ _ _ _ _ _ _ _ _ _ _ _ \n\nself = <selenium.webdriver.support.wait.WebDriverWait (session=\"1a3a4ff4b8b161c92e133870eaf2fd9b\")>\nmethod = <function presence_of_element_located.<locals>._predicate at 0x7f204185cfe0>\nmessage = ''\n\n    def until(self, method: Callable[[D], Union[Literal[False], T]], message: str = \"\") -> T:\n        \"\"\"Calls the method provided with the driver as an argument until the \\\n        return value does not evaluate to ``False``.\n    \n        :param method: callable(WebDriver)\n        :param message: optional message for :exc:`TimeoutException`\n        :returns: the result of the last call to `method`\n        :raises: :exc:`selenium.common.exceptions.TimeoutException` if timeout occurs\n        \"\"\"\n        screen = None\n        stacktrace = None\n    \n        end_time = time.monotonic() + self._timeout\n        while True:\n            try:\n                value = method(self._driver)\n                if value:\n                    return value\n            except self._ignored_exceptions as exc:\n                screen = getattr(exc, \"screen\", None)\n                stacktrace = getattr(exc, \"stacktrace\", None)\n            time.sleep(self._poll)\n            if time.monotonic() > end_time:\n                break\n>       raise TimeoutException(message, screen, stacktrace)\nE       selenium.common.exceptions.TimeoutException: Message:\n\n../local/lib/python3.12/site-packages/selenium/webdriver/support/wait.py:105: TimeoutException","steps":[{"name":"Open page with URL: https://demoqa.com/buttons","time":{"start":1724759930200,"stop":1724759931356,"duration":1156},"status":"passed","steps":[],"attachments":[],"parameters":[],"shouldDisplayMessage":false,"stepsCount":0,"attachmentsCount":0,"hasContent":false,"attachmentStep":false},{"name":"Right click on the button","time":{"start":1724759931356,"stop":1724759931888,"duration":532},"status":"passed","steps":[{"name":"Right-click on the 'Right Click Me' button","time":{"start":1724759931356,"stop":1724759931888,"duration":532},"status":"passed","steps":[{"name":"Wait for element to be visible","time":{"start":1724759931365,"stop":1724759931525,"duration":160},"status":"passed","steps":[{"name":"Wait for element to be present","time":{"start":1724759931366,"stop":1724759931464,"duration":98},"status":"passed","steps":[],"attachments":[],"parameters":[{"name":"locator","value":"('xpath', \"//button[@id='rightClickBtn']\")"},{"name":"timeout","value":"5"}],"shouldDisplayMessage":false,"stepsCount":0,"attachmentsCount":0,"hasContent":true,"attachmentStep":false},{"name":"Scrolling to element","time":{"start":1724759931464,"stop":1724759931493,"duration":29},"status":"passed","steps":[],"attachments":[],"parameters":[{"name":"element","value":"<selenium.webdriver.remote.webelement.WebElement (session=\"1a3a4ff4b8b161c92e133870eaf2fd9b\", element=\"e88872d7-5519-423a-a25c-5563af4982d3\")>"}],"shouldDisplayMessage":false,"stepsCount":0,"attachmentsCount":0,"hasContent":true,"attachmentStep":false}],"attachments":[],"parameters":[{"name":"locator","value":"('xpath', \"//button[@id='rightClickBtn']\")"},{"name":"timeout","value":"5"}],"shouldDisplayMessage":false,"stepsCount":2,"attachmentsCount":0,"hasContent":true,"attachmentStep":false},{"name":"Right-click on element","time":{"start":1724759931525,"stop":1724759931888,"duration":363},"status":"passed","steps":[],"attachments":[],"parameters":[{"name":"element","value":"<selenium.webdriver.remote.webelement.WebElement (session=\"1a3a4ff4b8b161c92e133870eaf2fd9b\", element=\"e88872d7-5519-423a-a25c-5563af4982d3\")>"}],"shouldDisplayMessage":false,"stepsCount":0,"attachmentsCount":0,"hasContent":true,"attachmentStep":false}],"attachments":[],"parameters":[],"shouldDisplayMessage":false,"stepsCount":4,"attachmentsCount":0,"hasContent":true,"attachmentStep":false}],"attachments":[],"parameters":[],"shouldDisplayMessage":false,"stepsCount":5,"attachmentsCount":0,"hasContent":true,"attachmentStep":false},{"name":"Check the result of right click","time":{"start":1724759931888,"stop":1724759937013,"duration":5125},"status":"broken","statusMessage":"selenium.common.exceptions.TimeoutException: Message: \n\n","statusTrace":"  File \"/usr/local/lib/python3.12/site-packages/allure_commons/_allure.py\", line 192, in impl\n    return func(*a, **kw)\n           ^^^^^^^^^^^^^^\n  File \"/usr/workspace/pages/elements_page.py\", line 283, in check_right_click_on_the_button\n    return self.element_is_present(self.locators.RIGHT_CLICK_MESSAGE).text\n           ^^^^^^^^^^^^^^^^^^^^^^^^^^^^^^^^^^^^^^^^^^^^^^^^^^^^^^^^^^\n  File \"/usr/local/lib/python3.12/site-packages/allure_commons/_allure.py\", line 192, in impl\n    return func(*a, **kw)\n           ^^^^^^^^^^^^^^\n  File \"/usr/workspace/pages/base_page.py\", line 27, in element_is_present\n    return wait(self.driver, timeout).until(EC.presence_of_element_located(locator))\n           ^^^^^^^^^^^^^^^^^^^^^^^^^^^^^^^^^^^^^^^^^^^^^^^^^^^^^^^^^^^^^^^^^^^^^^^^^\n  File \"/usr/local/lib/python3.12/site-packages/selenium/webdriver/support/wait.py\", line 105, in until\n    raise TimeoutException(message, screen, stacktrace)\n","steps":[{"name":"Check the result of right-clicking the button","time":{"start":1724759931888,"stop":1724759937013,"duration":5125},"status":"broken","statusMessage":"selenium.common.exceptions.TimeoutException: Message: \n\n","statusTrace":"  File \"/usr/workspace/pages/elements_page.py\", line 283, in check_right_click_on_the_button\n    return self.element_is_present(self.locators.RIGHT_CLICK_MESSAGE).text\n           ^^^^^^^^^^^^^^^^^^^^^^^^^^^^^^^^^^^^^^^^^^^^^^^^^^^^^^^^^^\n  File \"/usr/local/lib/python3.12/site-packages/allure_commons/_allure.py\", line 192, in impl\n    return func(*a, **kw)\n           ^^^^^^^^^^^^^^\n  File \"/usr/workspace/pages/base_page.py\", line 27, in element_is_present\n    return wait(self.driver, timeout).until(EC.presence_of_element_located(locator))\n           ^^^^^^^^^^^^^^^^^^^^^^^^^^^^^^^^^^^^^^^^^^^^^^^^^^^^^^^^^^^^^^^^^^^^^^^^^\n  File \"/usr/local/lib/python3.12/site-packages/selenium/webdriver/support/wait.py\", line 105, in until\n    raise TimeoutException(message, screen, stacktrace)\n","steps":[{"name":"Wait for element to be present","time":{"start":1724759931888,"stop":1724759937012,"duration":5124},"status":"broken","statusMessage":"selenium.common.exceptions.TimeoutException: Message: \n\n","statusTrace":"  File \"/usr/local/lib/python3.12/site-packages/allure_commons/_allure.py\", line 192, in impl\n    return func(*a, **kw)\n           ^^^^^^^^^^^^^^\n  File \"/usr/workspace/pages/base_page.py\", line 27, in element_is_present\n    return wait(self.driver, timeout).until(EC.presence_of_element_located(locator))\n           ^^^^^^^^^^^^^^^^^^^^^^^^^^^^^^^^^^^^^^^^^^^^^^^^^^^^^^^^^^^^^^^^^^^^^^^^^\n  File \"/usr/local/lib/python3.12/site-packages/selenium/webdriver/support/wait.py\", line 105, in until\n    raise TimeoutException(message, screen, stacktrace)\n","steps":[],"attachments":[],"parameters":[{"name":"locator","value":"('xpath', \"//p[@id='rightClickMessage']\")"},{"name":"timeout","value":"5"}],"shouldDisplayMessage":true,"stepsCount":0,"attachmentsCount":0,"hasContent":true,"attachmentStep":false}],"attachments":[],"parameters":[],"shouldDisplayMessage":false,"stepsCount":1,"attachmentsCount":0,"hasContent":true,"attachmentStep":false}],"attachments":[],"parameters":[],"shouldDisplayMessage":false,"stepsCount":2,"attachmentsCount":0,"hasContent":true,"attachmentStep":false},{"name":"Taking screenshot on failure","time":{"start":1724759937032,"stop":1724759937312,"duration":280},"status":"passed","steps":[],"attachments":[{"uid":"7409324cb1f05184","name":"Failure Screenshot","source":"7409324cb1f05184.png","type":"image/png","size":515936}],"parameters":[],"shouldDisplayMessage":false,"stepsCount":0,"attachmentsCount":1,"hasContent":true,"attachmentStep":false}],"attachments":[],"parameters":[],"shouldDisplayMessage":true,"stepsCount":11,"attachmentsCount":1,"hasContent":true,"attachmentStep":false},"afterStages":[{"name":"driver::0","time":{"start":1724759937312,"stop":1724759937384,"duration":72},"status":"passed","steps":[{"name":"Quitting the browser","time":{"start":1724759937312,"stop":1724759937384,"duration":72},"status":"passed","steps":[],"attachments":[],"parameters":[],"shouldDisplayMessage":false,"stepsCount":0,"attachmentsCount":0,"hasContent":false,"attachmentStep":false}],"attachments":[],"parameters":[],"shouldDisplayMessage":false,"stepsCount":1,"attachmentsCount":0,"hasContent":true,"attachmentStep":false}],"labels":[{"name":"story","value":"Buttons"},{"name":"feature","value":"Elements"},{"name":"epic","value":"UI Tests"},{"name":"parentSuite","value":"tests.ui_tests"},{"name":"suite","value":"elements_test"},{"name":"subSuite","value":"TestElements"},{"name":"host","value":"236219c83df7"},{"name":"thread","value":"1-MainThread"},{"name":"framework","value":"pytest"},{"name":"language","value":"cpython3"},{"name":"package","value":"tests.ui_tests.elements_test"},{"name":"resultFormat","value":"allure2"}],"parameters":[],"links":[],"hidden":false,"retry":false,"extra":{"severity":"normal","retries":[],"categories":[{"name":"Test defects","matchedStatuses":[],"flaky":false}],"history":{"statistic":{"failed":0,"broken":2,"skipped":0,"passed":2,"unknown":0,"total":4},"items":[{"uid":"20de20909e059438","reportUrl":"https://vvkobzar.github.io/aqa_pet_project/24//#testresult/20de20909e059438","status":"broken","statusDetails":"selenium.common.exceptions.TimeoutException: Message:","time":{"start":1724749630733,"stop":1724749637471,"duration":6738}},{"uid":"64163070d74f5dcd","reportUrl":"https://vvkobzar.github.io/aqa_pet_project/23//#testresult/64163070d74f5dcd","status":"passed","time":{"start":1724664398868,"stop":1724664400450,"duration":1582}},{"uid":"83b8345970cd87b","reportUrl":"https://vvkobzar.github.io/aqa_pet_project/22//#testresult/83b8345970cd87b","status":"passed","time":{"start":1724663842846,"stop":1724663844513,"duration":1667}}]},"tags":[]},"source":"3f24ae00c1a9675e.json","parameterValues":[]}