{"uid":"623a3bcc5057d4a7","name":"Click the button after 5 seconds","fullName":"tests.ui_tests.elements_test.TestDynamicPropertiesPage#test_click_the_button_after_5_seconds","historyId":"db793ed5b728d2f00a107978256b545d","time":{"start":1724766989893,"stop":1724766996473,"duration":6580},"status":"broken","statusMessage":"selenium.common.exceptions.TimeoutException: Message:","statusTrace":"self = <ui_tests.elements_test.TestElements.TestDynamicPropertiesPage object at 0x7f8c46357470>\ndriver = <selenium.webdriver.chrome.webdriver.WebDriver (session=\"d3181d85a335c6fac76a43cdc4e308a6\")>\n\n    @allure.title(\"Click the button after 5 seconds\")\n    def test_click_the_button_after_5_seconds(self, driver):\n        dynamic_properties_page = DynamicPropertiesPage(driver)\n        dynamic_properties_page.open()\n    \n>       dynamic_properties_page.click_the_button_after_5_seconds()\n\ntests/ui_tests/elements_test.py:408: \n_ _ _ _ _ _ _ _ _ _ _ _ _ _ _ _ _ _ _ _ _ _ _ _ _ _ _ _ _ _ _ _ _ _ _ _ _ _ _ _ \npages/elements_page.py:400: in click_the_button_after_5_seconds\n    self.element_is_clickable(self.locators.WILL_ENABLE_5_SECONDS_BUTTON).click()\npages/base_page.py:39: in element_is_clickable\n    return wait(self.driver, timeout).until(EC.element_to_be_clickable(locator))\n_ _ _ _ _ _ _ _ _ _ _ _ _ _ _ _ _ _ _ _ _ _ _ _ _ _ _ _ _ _ _ _ _ _ _ _ _ _ _ _ \n\nself = <selenium.webdriver.support.wait.WebDriverWait (session=\"d3181d85a335c6fac76a43cdc4e308a6\")>\nmethod = <function element_to_be_clickable.<locals>._predicate at 0x7f8c41a53ce0>\nmessage = ''\n\n    def until(self, method: Callable[[D], Union[Literal[False], T]], message: str = \"\") -> T:\n        \"\"\"Calls the method provided with the driver as an argument until the \\\n        return value does not evaluate to ``False``.\n    \n        :param method: callable(WebDriver)\n        :param message: optional message for :exc:`TimeoutException`\n        :returns: the result of the last call to `method`\n        :raises: :exc:`selenium.common.exceptions.TimeoutException` if timeout occurs\n        \"\"\"\n        screen = None\n        stacktrace = None\n    \n        end_time = time.monotonic() + self._timeout\n        while True:\n            try:\n                value = method(self._driver)\n                if value:\n                    return value\n            except self._ignored_exceptions as exc:\n                screen = getattr(exc, \"screen\", None)\n                stacktrace = getattr(exc, \"stacktrace\", None)\n            time.sleep(self._poll)\n            if time.monotonic() > end_time:\n                break\n>       raise TimeoutException(message, screen, stacktrace)\nE       selenium.common.exceptions.TimeoutException: Message:\n\n../local/lib/python3.12/site-packages/selenium/webdriver/support/wait.py:105: TimeoutException","flaky":false,"newFailed":false,"newBroken":false,"newPassed":false,"retriesCount":0,"retriesStatusChange":false,"beforeStages":[{"name":"_session_faker","time":{"start":1724766888105,"stop":1724766888291,"duration":186},"status":"passed","steps":[],"attachments":[],"parameters":[],"shouldDisplayMessage":false,"stepsCount":0,"attachmentsCount":0,"hasContent":false,"attachmentStep":false},{"name":"driver","time":{"start":1724766989479,"stop":1724766989892,"duration":413},"status":"passed","steps":[{"name":"Setting up chrome browser with headless=True, page_load_strategy=eager","time":{"start":1724766989479,"stop":1724766989892,"duration":413},"status":"passed","steps":[{"name":"Starting Chrome browser for the test","time":{"start":1724766989479,"stop":1724766989891,"duration":412},"status":"passed","steps":[{"name":"Applying headless options for Chrome","time":{"start":1724766989479,"stop":1724766989480,"duration":1},"status":"passed","steps":[],"attachments":[],"parameters":[],"shouldDisplayMessage":false,"stepsCount":0,"attachmentsCount":0,"hasContent":false,"attachmentStep":false}],"attachments":[],"parameters":[],"shouldDisplayMessage":false,"stepsCount":1,"attachmentsCount":0,"hasContent":true,"attachmentStep":false}],"attachments":[],"parameters":[],"shouldDisplayMessage":false,"stepsCount":2,"attachmentsCount":0,"hasContent":true,"attachmentStep":false}],"attachments":[],"parameters":[],"shouldDisplayMessage":false,"stepsCount":3,"attachmentsCount":0,"hasContent":true,"attachmentStep":false}],"testStage":{"status":"broken","statusMessage":"selenium.common.exceptions.TimeoutException: Message:","statusTrace":"self = <ui_tests.elements_test.TestElements.TestDynamicPropertiesPage object at 0x7f8c46357470>\ndriver = <selenium.webdriver.chrome.webdriver.WebDriver (session=\"d3181d85a335c6fac76a43cdc4e308a6\")>\n\n    @allure.title(\"Click the button after 5 seconds\")\n    def test_click_the_button_after_5_seconds(self, driver):\n        dynamic_properties_page = DynamicPropertiesPage(driver)\n        dynamic_properties_page.open()\n    \n>       dynamic_properties_page.click_the_button_after_5_seconds()\n\ntests/ui_tests/elements_test.py:408: \n_ _ _ _ _ _ _ _ _ _ _ _ _ _ _ _ _ _ _ _ _ _ _ _ _ _ _ _ _ _ _ _ _ _ _ _ _ _ _ _ \npages/elements_page.py:400: in click_the_button_after_5_seconds\n    self.element_is_clickable(self.locators.WILL_ENABLE_5_SECONDS_BUTTON).click()\npages/base_page.py:39: in element_is_clickable\n    return wait(self.driver, timeout).until(EC.element_to_be_clickable(locator))\n_ _ _ _ _ _ _ _ _ _ _ _ _ _ _ _ _ _ _ _ _ _ _ _ _ _ _ _ _ _ _ _ _ _ _ _ _ _ _ _ \n\nself = <selenium.webdriver.support.wait.WebDriverWait (session=\"d3181d85a335c6fac76a43cdc4e308a6\")>\nmethod = <function element_to_be_clickable.<locals>._predicate at 0x7f8c41a53ce0>\nmessage = ''\n\n    def until(self, method: Callable[[D], Union[Literal[False], T]], message: str = \"\") -> T:\n        \"\"\"Calls the method provided with the driver as an argument until the \\\n        return value does not evaluate to ``False``.\n    \n        :param method: callable(WebDriver)\n        :param message: optional message for :exc:`TimeoutException`\n        :returns: the result of the last call to `method`\n        :raises: :exc:`selenium.common.exceptions.TimeoutException` if timeout occurs\n        \"\"\"\n        screen = None\n        stacktrace = None\n    \n        end_time = time.monotonic() + self._timeout\n        while True:\n            try:\n                value = method(self._driver)\n                if value:\n                    return value\n            except self._ignored_exceptions as exc:\n                screen = getattr(exc, \"screen\", None)\n                stacktrace = getattr(exc, \"stacktrace\", None)\n            time.sleep(self._poll)\n            if time.monotonic() > end_time:\n                break\n>       raise TimeoutException(message, screen, stacktrace)\nE       selenium.common.exceptions.TimeoutException: Message:\n\n../local/lib/python3.12/site-packages/selenium/webdriver/support/wait.py:105: TimeoutException","steps":[{"name":"Open page with URL: https://demoqa.com/dynamic-properties","time":{"start":1724766989893,"stop":1724766991172,"duration":1279},"status":"passed","steps":[],"attachments":[],"parameters":[],"shouldDisplayMessage":false,"stepsCount":0,"attachmentsCount":0,"hasContent":false,"attachmentStep":false},{"name":"Click the button that will enable after 5 seconds","time":{"start":1724766991172,"stop":1724766996472,"duration":5300},"status":"broken","statusMessage":"selenium.common.exceptions.TimeoutException: Message: \n\n","statusTrace":"  File \"/usr/local/lib/python3.12/site-packages/allure_commons/_allure.py\", line 192, in impl\n    return func(*a, **kw)\n           ^^^^^^^^^^^^^^\n  File \"/usr/workspace/pages/elements_page.py\", line 400, in click_the_button_after_5_seconds\n    self.element_is_clickable(self.locators.WILL_ENABLE_5_SECONDS_BUTTON).click()\n    ^^^^^^^^^^^^^^^^^^^^^^^^^^^^^^^^^^^^^^^^^^^^^^^^^^^^^^^^^^^^^^^^^^^^^\n  File \"/usr/local/lib/python3.12/site-packages/allure_commons/_allure.py\", line 192, in impl\n    return func(*a, **kw)\n           ^^^^^^^^^^^^^^\n  File \"/usr/workspace/pages/base_page.py\", line 39, in element_is_clickable\n    return wait(self.driver, timeout).until(EC.element_to_be_clickable(locator))\n           ^^^^^^^^^^^^^^^^^^^^^^^^^^^^^^^^^^^^^^^^^^^^^^^^^^^^^^^^^^^^^^^^^^^^^\n  File \"/usr/local/lib/python3.12/site-packages/selenium/webdriver/support/wait.py\", line 105, in until\n    raise TimeoutException(message, screen, stacktrace)\n","steps":[{"name":"Click the button that will enable after 5 seconds","time":{"start":1724766991172,"stop":1724766996472,"duration":5300},"status":"broken","statusMessage":"selenium.common.exceptions.TimeoutException: Message: \n\n","statusTrace":"  File \"/usr/workspace/pages/elements_page.py\", line 400, in click_the_button_after_5_seconds\n    self.element_is_clickable(self.locators.WILL_ENABLE_5_SECONDS_BUTTON).click()\n    ^^^^^^^^^^^^^^^^^^^^^^^^^^^^^^^^^^^^^^^^^^^^^^^^^^^^^^^^^^^^^^^^^^^^^\n  File \"/usr/local/lib/python3.12/site-packages/allure_commons/_allure.py\", line 192, in impl\n    return func(*a, **kw)\n           ^^^^^^^^^^^^^^\n  File \"/usr/workspace/pages/base_page.py\", line 39, in element_is_clickable\n    return wait(self.driver, timeout).until(EC.element_to_be_clickable(locator))\n           ^^^^^^^^^^^^^^^^^^^^^^^^^^^^^^^^^^^^^^^^^^^^^^^^^^^^^^^^^^^^^^^^^^^^^\n  File \"/usr/local/lib/python3.12/site-packages/selenium/webdriver/support/wait.py\", line 105, in until\n    raise TimeoutException(message, screen, stacktrace)\n","steps":[{"name":"Wait for element to be clickable","time":{"start":1724766991172,"stop":1724766996471,"duration":5299},"status":"broken","statusMessage":"selenium.common.exceptions.TimeoutException: Message: \n\n","statusTrace":"  File \"/usr/local/lib/python3.12/site-packages/allure_commons/_allure.py\", line 192, in impl\n    return func(*a, **kw)\n           ^^^^^^^^^^^^^^\n  File \"/usr/workspace/pages/base_page.py\", line 39, in element_is_clickable\n    return wait(self.driver, timeout).until(EC.element_to_be_clickable(locator))\n           ^^^^^^^^^^^^^^^^^^^^^^^^^^^^^^^^^^^^^^^^^^^^^^^^^^^^^^^^^^^^^^^^^^^^^\n  File \"/usr/local/lib/python3.12/site-packages/selenium/webdriver/support/wait.py\", line 105, in until\n    raise TimeoutException(message, screen, stacktrace)\n","steps":[],"attachments":[],"parameters":[{"name":"locator","value":"('xpath', \"//button[@id='enableAfter']\")"},{"name":"timeout","value":"5"}],"shouldDisplayMessage":true,"stepsCount":0,"attachmentsCount":0,"hasContent":true,"attachmentStep":false}],"attachments":[],"parameters":[],"shouldDisplayMessage":false,"stepsCount":1,"attachmentsCount":0,"hasContent":true,"attachmentStep":false}],"attachments":[],"parameters":[],"shouldDisplayMessage":false,"stepsCount":2,"attachmentsCount":0,"hasContent":true,"attachmentStep":false},{"name":"Taking screenshot on failure","time":{"start":1724766996496,"stop":1724766996846,"duration":350},"status":"passed","steps":[],"attachments":[{"uid":"e6ef7273141ffa8d","name":"Failure Screenshot","source":"e6ef7273141ffa8d.png","type":"image/png","size":830442}],"parameters":[],"shouldDisplayMessage":false,"stepsCount":0,"attachmentsCount":1,"hasContent":true,"attachmentStep":false}],"attachments":[],"parameters":[],"shouldDisplayMessage":true,"stepsCount":5,"attachmentsCount":1,"hasContent":true,"attachmentStep":false},"afterStages":[{"name":"driver::0","time":{"start":1724766996846,"stop":1724766996909,"duration":63},"status":"passed","steps":[{"name":"Quitting the browser","time":{"start":1724766996846,"stop":1724766996909,"duration":63},"status":"passed","steps":[],"attachments":[],"parameters":[],"shouldDisplayMessage":false,"stepsCount":0,"attachmentsCount":0,"hasContent":false,"attachmentStep":false}],"attachments":[],"parameters":[],"shouldDisplayMessage":false,"stepsCount":1,"attachmentsCount":0,"hasContent":true,"attachmentStep":false}],"labels":[{"name":"feature","value":"Elements"},{"name":"epic","value":"UI Tests"},{"name":"story","value":"Dynamic Properties"},{"name":"parentSuite","value":"tests.ui_tests"},{"name":"suite","value":"elements_test"},{"name":"subSuite","value":"TestElements"},{"name":"host","value":"c922bd607464"},{"name":"thread","value":"1-MainThread"},{"name":"framework","value":"pytest"},{"name":"language","value":"cpython3"},{"name":"package","value":"tests.ui_tests.elements_test"},{"name":"resultFormat","value":"allure2"}],"parameters":[],"links":[],"hidden":false,"retry":false,"extra":{"severity":"normal","retries":[],"categories":[{"name":"Test defects","matchedStatuses":[],"flaky":false}],"history":{"statistic":{"failed":0,"broken":7,"skipped":0,"passed":1,"unknown":0,"total":8},"items":[{"uid":"a5ac6da94362d6b3","reportUrl":"https://vvkobzar.github.io/aqa_pet_project/27//#testresult/a5ac6da94362d6b3","status":"broken","statusDetails":"selenium.common.exceptions.TimeoutException: Message:","time":{"start":1724766746045,"stop":1724766752642,"duration":6597}},{"uid":"2a93a927dcecd575","reportUrl":"https://vvkobzar.github.io/aqa_pet_project/26//#testresult/2a93a927dcecd575","status":"broken","statusDetails":"selenium.common.exceptions.TimeoutException: Message:","time":{"start":1724765797287,"stop":1724765803768,"duration":6481}},{"uid":"f921bd36a826a019","reportUrl":"https://vvkobzar.github.io/aqa_pet_project/25//#testresult/f921bd36a826a019","status":"broken","statusDetails":"selenium.common.exceptions.TimeoutException: Message:","time":{"start":1724765345449,"stop":1724765351951,"duration":6502}},{"uid":"dd0f6885a9ced041","reportUrl":"https://vvkobzar.github.io/aqa_pet_project/25//#testresult/dd0f6885a9ced041","status":"broken","statusDetails":"selenium.common.exceptions.TimeoutException: Message:","time":{"start":1724759963620,"stop":1724759970187,"duration":6567}},{"uid":"7bfce55514dbcd1c","reportUrl":"https://vvkobzar.github.io/aqa_pet_project/24//#testresult/7bfce55514dbcd1c","status":"passed","time":{"start":1724749666040,"stop":1724749672333,"duration":6293}},{"uid":"ddb7e5f165a4bf87","reportUrl":"https://vvkobzar.github.io/aqa_pet_project/23//#testresult/ddb7e5f165a4bf87","status":"broken","statusDetails":"selenium.common.exceptions.TimeoutException: Message:","time":{"start":1724664427804,"stop":1724664434296,"duration":6492}},{"uid":"ed7df5b1329ddb73","reportUrl":"https://vvkobzar.github.io/aqa_pet_project/22//#testresult/ed7df5b1329ddb73","status":"broken","statusDetails":"selenium.common.exceptions.TimeoutException: Message:","time":{"start":1724663872273,"stop":1724663878844,"duration":6571}}]},"tags":[]},"source":"623a3bcc5057d4a7.json","parameterValues":[]}