{"uid":"20de20909e059438","name":"Right click on the button","fullName":"tests.ui_tests.elements_test.TestButtonsPage#test_right_click_on_the_button","historyId":"74017a57e1bd243f0518f2ef650c6754","time":{"start":1724749630733,"stop":1724749637471,"duration":6738},"status":"broken","statusMessage":"selenium.common.exceptions.TimeoutException: Message:","statusTrace":"self = <ui_tests.elements_test.TestElements.TestButtonsPage object at 0x7f20685782c0>\ndriver = <selenium.webdriver.chrome.webdriver.WebDriver (session=\"5cb024ec4f6d8c33ecd1a9bf09dd5d67\")>\n\n    @allure.title(\"Right click on the button\")\n    def test_right_click_on_the_button(self, driver):\n        buttons_page = ButtonsPage(driver)\n        buttons_page.open()\n    \n        buttons_page.right_click_on_the_button()\n>       message = buttons_page.check_right_click_on_the_button()\n\ntests/ui_tests/elements_test.py:192: \n_ _ _ _ _ _ _ _ _ _ _ _ _ _ _ _ _ _ _ _ _ _ _ _ _ _ _ _ _ _ _ _ _ _ _ _ _ _ _ _ \npages/elements_page.py:283: in check_right_click_on_the_button\n    return self.element_is_present(self.locators.RIGHT_CLICK_MESSAGE).text\npages/base_page.py:27: in element_is_present\n    return wait(self.driver, timeout).until(EC.presence_of_element_located(locator))\n_ _ _ _ _ _ _ _ _ _ _ _ _ _ _ _ _ _ _ _ _ _ _ _ _ _ _ _ _ _ _ _ _ _ _ _ _ _ _ _ \n\nself = <selenium.webdriver.support.wait.WebDriverWait (session=\"5cb024ec4f6d8c33ecd1a9bf09dd5d67\")>\nmethod = <function presence_of_element_located.<locals>._predicate at 0x7f2063d204a0>\nmessage = ''\n\n    def until(self, method: Callable[[D], Union[Literal[False], T]], message: str = \"\") -> T:\n        \"\"\"Calls the method provided with the driver as an argument until the \\\n        return value does not evaluate to ``False``.\n    \n        :param method: callable(WebDriver)\n        :param message: optional message for :exc:`TimeoutException`\n        :returns: the result of the last call to `method`\n        :raises: :exc:`selenium.common.exceptions.TimeoutException` if timeout occurs\n        \"\"\"\n        screen = None\n        stacktrace = None\n    \n        end_time = time.monotonic() + self._timeout\n        while True:\n            try:\n                value = method(self._driver)\n                if value:\n                    return value\n            except self._ignored_exceptions as exc:\n                screen = getattr(exc, \"screen\", None)\n                stacktrace = getattr(exc, \"stacktrace\", None)\n            time.sleep(self._poll)\n            if time.monotonic() > end_time:\n                break\n>       raise TimeoutException(message, screen, stacktrace)\nE       selenium.common.exceptions.TimeoutException: Message:\n\n../local/lib/python3.12/site-packages/selenium/webdriver/support/wait.py:105: TimeoutException","flaky":false,"newFailed":false,"newBroken":true,"newPassed":false,"retriesCount":0,"retriesStatusChange":false,"beforeStages":[{"name":"_session_faker","time":{"start":1724749561170,"stop":1724749561418,"duration":248},"status":"passed","steps":[],"attachments":[],"parameters":[],"shouldDisplayMessage":false,"stepsCount":0,"attachmentsCount":0,"hasContent":false,"attachmentStep":false},{"name":"driver","time":{"start":1724749630334,"stop":1724749630732,"duration":398},"status":"passed","steps":[{"name":"Setting up chrome browser with headless=True, page_load_strategy=eager","time":{"start":1724749630334,"stop":1724749630732,"duration":398},"status":"passed","steps":[{"name":"Starting Chrome browser for the test","time":{"start":1724749630334,"stop":1724749630732,"duration":398},"status":"passed","steps":[{"name":"Applying headless options for Chrome","time":{"start":1724749630335,"stop":1724749630335,"duration":0},"status":"passed","steps":[],"attachments":[],"parameters":[],"shouldDisplayMessage":false,"stepsCount":0,"attachmentsCount":0,"hasContent":false,"attachmentStep":false}],"attachments":[],"parameters":[],"shouldDisplayMessage":false,"stepsCount":1,"attachmentsCount":0,"hasContent":true,"attachmentStep":false}],"attachments":[],"parameters":[],"shouldDisplayMessage":false,"stepsCount":2,"attachmentsCount":0,"hasContent":true,"attachmentStep":false}],"attachments":[],"parameters":[],"shouldDisplayMessage":false,"stepsCount":3,"attachmentsCount":0,"hasContent":true,"attachmentStep":false}],"testStage":{"status":"broken","statusMessage":"selenium.common.exceptions.TimeoutException: Message:","statusTrace":"self = <ui_tests.elements_test.TestElements.TestButtonsPage object at 0x7f20685782c0>\ndriver = <selenium.webdriver.chrome.webdriver.WebDriver (session=\"5cb024ec4f6d8c33ecd1a9bf09dd5d67\")>\n\n    @allure.title(\"Right click on the button\")\n    def test_right_click_on_the_button(self, driver):\n        buttons_page = ButtonsPage(driver)\n        buttons_page.open()\n    \n        buttons_page.right_click_on_the_button()\n>       message = buttons_page.check_right_click_on_the_button()\n\ntests/ui_tests/elements_test.py:192: \n_ _ _ _ _ _ _ _ _ _ _ _ _ _ _ _ _ _ _ _ _ _ _ _ _ _ _ _ _ _ _ _ _ _ _ _ _ _ _ _ \npages/elements_page.py:283: in check_right_click_on_the_button\n    return self.element_is_present(self.locators.RIGHT_CLICK_MESSAGE).text\npages/base_page.py:27: in element_is_present\n    return wait(self.driver, timeout).until(EC.presence_of_element_located(locator))\n_ _ _ _ _ _ _ _ _ _ _ _ _ _ _ _ _ _ _ _ _ _ _ _ _ _ _ _ _ _ _ _ _ _ _ _ _ _ _ _ \n\nself = <selenium.webdriver.support.wait.WebDriverWait (session=\"5cb024ec4f6d8c33ecd1a9bf09dd5d67\")>\nmethod = <function presence_of_element_located.<locals>._predicate at 0x7f2063d204a0>\nmessage = ''\n\n    def until(self, method: Callable[[D], Union[Literal[False], T]], message: str = \"\") -> T:\n        \"\"\"Calls the method provided with the driver as an argument until the \\\n        return value does not evaluate to ``False``.\n    \n        :param method: callable(WebDriver)\n        :param message: optional message for :exc:`TimeoutException`\n        :returns: the result of the last call to `method`\n        :raises: :exc:`selenium.common.exceptions.TimeoutException` if timeout occurs\n        \"\"\"\n        screen = None\n        stacktrace = None\n    \n        end_time = time.monotonic() + self._timeout\n        while True:\n            try:\n                value = method(self._driver)\n                if value:\n                    return value\n            except self._ignored_exceptions as exc:\n                screen = getattr(exc, \"screen\", None)\n                stacktrace = getattr(exc, \"stacktrace\", None)\n            time.sleep(self._poll)\n            if time.monotonic() > end_time:\n                break\n>       raise TimeoutException(message, screen, stacktrace)\nE       selenium.common.exceptions.TimeoutException: Message:\n\n../local/lib/python3.12/site-packages/selenium/webdriver/support/wait.py:105: TimeoutException","steps":[{"name":"Open page with URL: https://demoqa.com/buttons","time":{"start":1724749630733,"stop":1724749631939,"duration":1206},"status":"passed","steps":[],"attachments":[],"parameters":[],"shouldDisplayMessage":false,"stepsCount":0,"attachmentsCount":0,"hasContent":false,"attachmentStep":false},{"name":"Right click on the button","time":{"start":1724749631939,"stop":1724749632335,"duration":396},"status":"passed","steps":[{"name":"Right-click on the 'Right Click Me' button","time":{"start":1724749631939,"stop":1724749632335,"duration":396},"status":"passed","steps":[{"name":"Wait for element to be visible","time":{"start":1724749631939,"stop":1724749632000,"duration":61},"status":"passed","steps":[{"name":"Wait for element to be present","time":{"start":1724749631939,"stop":1724749631980,"duration":41},"status":"passed","steps":[],"attachments":[],"parameters":[{"name":"locator","value":"('xpath', \"//button[@id='rightClickBtn']\")"},{"name":"timeout","value":"5"}],"shouldDisplayMessage":false,"stepsCount":0,"attachmentsCount":0,"hasContent":true,"attachmentStep":false},{"name":"Scrolling to element","time":{"start":1724749631980,"stop":1724749631984,"duration":4},"status":"passed","steps":[],"attachments":[],"parameters":[{"name":"element","value":"<selenium.webdriver.remote.webelement.WebElement (session=\"5cb024ec4f6d8c33ecd1a9bf09dd5d67\", element=\"668cb137-0982-416f-9f7c-296a8f40791d\")>"}],"shouldDisplayMessage":false,"stepsCount":0,"attachmentsCount":0,"hasContent":true,"attachmentStep":false}],"attachments":[],"parameters":[{"name":"locator","value":"('xpath', \"//button[@id='rightClickBtn']\")"},{"name":"timeout","value":"5"}],"shouldDisplayMessage":false,"stepsCount":2,"attachmentsCount":0,"hasContent":true,"attachmentStep":false},{"name":"Right-click on element","time":{"start":1724749632000,"stop":1724749632335,"duration":335},"status":"passed","steps":[],"attachments":[],"parameters":[{"name":"element","value":"<selenium.webdriver.remote.webelement.WebElement (session=\"5cb024ec4f6d8c33ecd1a9bf09dd5d67\", element=\"668cb137-0982-416f-9f7c-296a8f40791d\")>"}],"shouldDisplayMessage":false,"stepsCount":0,"attachmentsCount":0,"hasContent":true,"attachmentStep":false}],"attachments":[],"parameters":[],"shouldDisplayMessage":false,"stepsCount":4,"attachmentsCount":0,"hasContent":true,"attachmentStep":false}],"attachments":[],"parameters":[],"shouldDisplayMessage":false,"stepsCount":5,"attachmentsCount":0,"hasContent":true,"attachmentStep":false},{"name":"Check the result of right click","time":{"start":1724749632335,"stop":1724749637470,"duration":5135},"status":"broken","statusMessage":"selenium.common.exceptions.TimeoutException: Message: \n\n","statusTrace":"  File \"/usr/local/lib/python3.12/site-packages/allure_commons/_allure.py\", line 192, in impl\n    return func(*a, **kw)\n           ^^^^^^^^^^^^^^\n  File \"/usr/workspace/pages/elements_page.py\", line 283, in check_right_click_on_the_button\n    return self.element_is_present(self.locators.RIGHT_CLICK_MESSAGE).text\n           ^^^^^^^^^^^^^^^^^^^^^^^^^^^^^^^^^^^^^^^^^^^^^^^^^^^^^^^^^^\n  File \"/usr/local/lib/python3.12/site-packages/allure_commons/_allure.py\", line 192, in impl\n    return func(*a, **kw)\n           ^^^^^^^^^^^^^^\n  File \"/usr/workspace/pages/base_page.py\", line 27, in element_is_present\n    return wait(self.driver, timeout).until(EC.presence_of_element_located(locator))\n           ^^^^^^^^^^^^^^^^^^^^^^^^^^^^^^^^^^^^^^^^^^^^^^^^^^^^^^^^^^^^^^^^^^^^^^^^^\n  File \"/usr/local/lib/python3.12/site-packages/selenium/webdriver/support/wait.py\", line 105, in until\n    raise TimeoutException(message, screen, stacktrace)\n","steps":[{"name":"Check the result of right-clicking the button","time":{"start":1724749632335,"stop":1724749637470,"duration":5135},"status":"broken","statusMessage":"selenium.common.exceptions.TimeoutException: Message: \n\n","statusTrace":"  File \"/usr/workspace/pages/elements_page.py\", line 283, in check_right_click_on_the_button\n    return self.element_is_present(self.locators.RIGHT_CLICK_MESSAGE).text\n           ^^^^^^^^^^^^^^^^^^^^^^^^^^^^^^^^^^^^^^^^^^^^^^^^^^^^^^^^^^\n  File \"/usr/local/lib/python3.12/site-packages/allure_commons/_allure.py\", line 192, in impl\n    return func(*a, **kw)\n           ^^^^^^^^^^^^^^\n  File \"/usr/workspace/pages/base_page.py\", line 27, in element_is_present\n    return wait(self.driver, timeout).until(EC.presence_of_element_located(locator))\n           ^^^^^^^^^^^^^^^^^^^^^^^^^^^^^^^^^^^^^^^^^^^^^^^^^^^^^^^^^^^^^^^^^^^^^^^^^\n  File \"/usr/local/lib/python3.12/site-packages/selenium/webdriver/support/wait.py\", line 105, in until\n    raise TimeoutException(message, screen, stacktrace)\n","steps":[{"name":"Wait for element to be present","time":{"start":1724749632335,"stop":1724749637468,"duration":5133},"status":"broken","statusMessage":"selenium.common.exceptions.TimeoutException: Message: \n\n","statusTrace":"  File \"/usr/local/lib/python3.12/site-packages/allure_commons/_allure.py\", line 192, in impl\n    return func(*a, **kw)\n           ^^^^^^^^^^^^^^\n  File \"/usr/workspace/pages/base_page.py\", line 27, in element_is_present\n    return wait(self.driver, timeout).until(EC.presence_of_element_located(locator))\n           ^^^^^^^^^^^^^^^^^^^^^^^^^^^^^^^^^^^^^^^^^^^^^^^^^^^^^^^^^^^^^^^^^^^^^^^^^\n  File \"/usr/local/lib/python3.12/site-packages/selenium/webdriver/support/wait.py\", line 105, in until\n    raise TimeoutException(message, screen, stacktrace)\n","steps":[],"attachments":[],"parameters":[{"name":"locator","value":"('xpath', \"//p[@id='rightClickMessage']\")"},{"name":"timeout","value":"5"}],"shouldDisplayMessage":true,"stepsCount":0,"attachmentsCount":0,"hasContent":true,"attachmentStep":false}],"attachments":[],"parameters":[],"shouldDisplayMessage":false,"stepsCount":1,"attachmentsCount":0,"hasContent":true,"attachmentStep":false}],"attachments":[],"parameters":[],"shouldDisplayMessage":false,"stepsCount":2,"attachmentsCount":0,"hasContent":true,"attachmentStep":false},{"name":"Taking screenshot on failure","time":{"start":1724749637495,"stop":1724749637743,"duration":248},"status":"passed","steps":[],"attachments":[{"uid":"13bb45e1200ce014","name":"Failure Screenshot","source":"13bb45e1200ce014.png","type":"image/png","size":474091}],"parameters":[],"shouldDisplayMessage":false,"stepsCount":0,"attachmentsCount":1,"hasContent":true,"attachmentStep":false}],"attachments":[],"parameters":[],"shouldDisplayMessage":true,"stepsCount":11,"attachmentsCount":1,"hasContent":true,"attachmentStep":false},"afterStages":[{"name":"driver::0","time":{"start":1724749637744,"stop":1724749637804,"duration":60},"status":"passed","steps":[{"name":"Quitting the browser","time":{"start":1724749637744,"stop":1724749637804,"duration":60},"status":"passed","steps":[],"attachments":[],"parameters":[],"shouldDisplayMessage":false,"stepsCount":0,"attachmentsCount":0,"hasContent":false,"attachmentStep":false}],"attachments":[],"parameters":[],"shouldDisplayMessage":false,"stepsCount":1,"attachmentsCount":0,"hasContent":true,"attachmentStep":false}],"labels":[{"name":"story","value":"Buttons"},{"name":"epic","value":"UI Tests"},{"name":"feature","value":"Elements"},{"name":"parentSuite","value":"tests.ui_tests"},{"name":"suite","value":"elements_test"},{"name":"subSuite","value":"TestElements"},{"name":"host","value":"1d7343dafe53"},{"name":"thread","value":"1-MainThread"},{"name":"framework","value":"pytest"},{"name":"language","value":"cpython3"},{"name":"package","value":"tests.ui_tests.elements_test"},{"name":"resultFormat","value":"allure2"}],"parameters":[],"links":[],"hidden":false,"retry":false,"extra":{"severity":"normal","retries":[],"categories":[{"name":"Test defects","matchedStatuses":[],"flaky":false}],"history":{"statistic":{"failed":0,"broken":1,"skipped":0,"passed":2,"unknown":0,"total":3},"items":[{"uid":"64163070d74f5dcd","reportUrl":"https://vvkobzar.github.io/aqa_pet_project/23//#testresult/64163070d74f5dcd","status":"passed","time":{"start":1724664398868,"stop":1724664400450,"duration":1582}},{"uid":"83b8345970cd87b","reportUrl":"https://vvkobzar.github.io/aqa_pet_project/22//#testresult/83b8345970cd87b","status":"passed","time":{"start":1724663842846,"stop":1724663844513,"duration":1667}}]},"tags":[]},"source":"20de20909e059438.json","parameterValues":[]}